[0m[0m
[0m[4mC:\Users\Saurabh Chakarvarti\Downloads\portfolio-main\portfolio-main\components\Navbar.tsx[24m[0m
[0m  [2m14:5[22m  [31merror[39m  Error: Calling setState synchronously within an effect can trigger cascading renders[0m
[0m[0m
[0mEffects are intended to synchronize state between React and external systems such as manually updating the DOM, state management libraries, or other platform APIs. In general, the body of an effect should do one or both of the following:[0m
[0m* Update external systems with the latest state from React.[0m
[0m* Subscribe for updates from some external system, calling setState in a callback function when external state changes.[0m
[0m[0m
[0mCalling setState synchronously within an effect body causes cascading renders that can hurt performance, and is not recommended. (https://react.dev/learn/you-might-not-need-an-effect).[0m
[0m[0m
[0mC:\Users\Saurabh Chakarvarti\Downloads\portfolio-main\portfolio-main\components\Navbar.tsx:14:5[0m
[0m  12 |[0m
[0m  13 |   useEffect(() => {[0m
[0m> 14 |     setMounted(true);[0m
[0m     |     ^^^^^^^^^^ Avoid calling setState() directly within an effect[0m
[0m  15 |   }, []);[0m
[0m  16 |[0m
[0m  17 |   const navItems = [  [2mreact-hooks/set-state-in-effect[22m[0m
[0m[0m
[0m[4mC:\Users\Saurabh Chakarvarti\Downloads\portfolio-main\portfolio-main\components\sections\About.tsx[24m[0m
[0m  [2m68:20[22m  [31merror[39m  `'` can be escaped with `&apos;`, `&lsquo;`, `&#39;`, `&rsquo;`  [2mreact/no-unescaped-entities[22m[0m
[0m  [2m71:16[22m  [31merror[39m  `'` can be escaped with `&apos;`, `&lsquo;`, `&#39;`, `&rsquo;`  [2mreact/no-unescaped-entities[22m[0m
[0m  [2m77:21[22m  [31merror[39m  `'` can be escaped with `&apos;`, `&lsquo;`, `&#39;`, `&rsquo;`  [2mreact/no-unescaped-entities[22m[0m
[0m[0m
[0m[4mC:\Users\Saurabh Chakarvarti\Downloads\portfolio-main\portfolio-main\components\sections\Contact.tsx[24m[0m
[0m   [2m95:40[22m  [31merror[39m  `'` can be escaped with `&apos;`, `&lsquo;`, `&#39;`, `&rsquo;`  [2mreact/no-unescaped-entities[22m[0m
[0m  [2m104:70[22m  [31merror[39m  `'` can be escaped with `&apos;`, `&lsquo;`, `&#39;`, `&rsquo;`  [2mreact/no-unescaped-entities[22m[0m
[0m[0m
[0m[4mC:\Users\Saurabh Chakarvarti\Downloads\portfolio-main\portfolio-main\components\sections\Hero.tsx[24m[0m
[0m  [2m49:22[22m  [31merror[39m  `'` can be escaped with `&apos;`, `&lsquo;`, `&#39;`, `&rsquo;`  [2mreact/no-unescaped-entities[22m[0m
[0m  [2m74:43[22m  [31merror[39m  `'` can be escaped with `&apos;`, `&lsquo;`, `&#39;`, `&rsquo;`  [2mreact/no-unescaped-entities[22m[0m
[0m[0m
[0m[31m[1m✖ 8 problems (8 errors, 0 warnings)[22m[39m[0m
[0m[31m[1m[22m[39m[0m